#
# A fatal error has been detected by the Java Runtime Environment:
#
#  SIGSEGV (0xb) at pc=0x0000000102448f78, pid=4460, tid=0x0000000000004303
#
# JRE version: Java(TM) SE Runtime Environment (8.0_92-b14) (build 1.8.0_92-b14)
# Java VM: Java HotSpot(TM) 64-Bit Server VM (25.92-b14 mixed mode bsd-amd64 compressed oops)
# Problematic frame:
# V  [libjvm.dylib+0x448f78]  Method::checked_resolve_jmethod_id(_jmethodID*)+0xe
#
# Failed to write core dump. Core dumps have been disabled. To enable core dumping, try "ulimit -c unlimited" before starting Java again
#
# If you would like to submit a bug report, please visit:
#   http://bugreport.java.com/bugreport/crash.jsp
#

---------------  T H R E A D  ---------------

Current thread (0x00007fda19815800):  JavaThread "JDWP Transport Listener: dt_socket" daemon [_thread_in_vm, id=17155, stack(0x00007000093b4000,0x00007000094b4000)]

siginfo: si_signo: 11 (SIGSEGV), si_code: 1 (SEGV_MAPERR), si_addr: 0x00007fda00000002

Registers:
RAX=0x0000000000000001, RBX=0x00007000094b3a8b, RCX=0x000000010281a360, RDX=0x00007000094b3a8b
RSP=0x00007000094b39d0, RBP=0x00007000094b39e0, RSI=0x00007fda19815800, RDI=0x00007fda00000002
R8 =0x0000000000000000, R9 =0x00007fda186330e0, R10=0x0000000000000001, R11=0x0000000000000001
R12=0x00007fda19815800, R13=0x00007fda00000002, R14=0x00007fda00000002, R15=0x00007fda18401700
RIP=0x0000000102448f78, EFLAGS=0x0000000000010202, ERR=0x0000000000000004
  TRAPNO=0x000000000000000e

Top of Stack: (sp=0x00007000094b39d0)
0x00007000094b39d0:   00007000094b3a8b 00007000094b3a8b
0x00007000094b39e0:   00007000094b3a40 0000000102357e66
0x00007000094b39f0:   00007fda19815800 0000000000000000
0x00007000094b3a00:   0000000000000000 0000000000000000
0x00007000094b3a10:   00007fda19815800 00007fda19815800
0x00007000094b3a20:   00007000094b3a8b 00007000094b3a90
0x00007000094b3a30:   00007fda00000002 0000000000000002
0x00007000094b3a40:   00007000094b3a60 0000000101716780
0x00007000094b3a50:   0000000000000001 00007000094b3b08
0x00007000094b3a60:   00007000094b3ad0 00000001016fb1f3
0x00007000094b3a70:   00007000094b3aa0 00007fda1862f4e0
0x00007000094b3a80:   0000000300000032 00000009004b3b08
0x00007000094b3a90:   0000000000000000 0000000000000000
0x00007000094b3aa0:   0000000000000000 00007000094b3c90
0x00007000094b3ab0:   000000010171de7a 00007fda18633750
0x00007000094b3ac0:   00007000094b3b08 0000000101729598
0x00007000094b3ad0:   00007000094b3ae0 00000001016fb2ec
0x00007000094b3ae0:   00007000094b3d00 0000000101704898
0x00007000094b3af0:   0000023c00000013 00000000000f0200
0x00007000094b3b00:   00007fda18629ff0 00007000094b3bba
0x00007000094b3b10:   00007fda000000ca 00007000094b3b20
0x00007000094b3b20:   00007fda00000062 00007000094b3b58
0x00007000094b3b30:   0000000000000000 0000000000000000
0x00007000094b3b40:   0000023c0000001c 00007fda00009480
0x00007000094b3b50:   00007000094b3b58 da7f000003000000
0x00007000094b3b60:   11000000306a4218 54746c7561666564
0x00007000094b3b70:   72656e6e75526f77 5629280300000073
0x00007000094b3b80:   0a00000000000000 286a4218da7f0000
0x00007000094b3b90:   6e69616d04000000 6a4c5b2816000000
0x00007000094b3ba0:   676e616c2f617661 3b676e697274532f
0x00007000094b3bb0:   0000000000005629 2f78656765720900
0x00007000094b3bc0:   246e726574746150 003b676f6c6f7250 

Instructions: (pc=0x0000000102448f78)
0x0000000102448f58:   40 48 48 85 c0 75 e0 30 c0 0f b6 c0 5d c3 31 c0
0x0000000102448f68:   5d c3 55 48 89 e5 53 48 83 ec 08 48 85 ff 74 24
0x0000000102448f78:   48 8b 1f 48 85 db 74 1c 48 83 fb 37 74 16 48 8b
0x0000000102448f88:   03 48 89 df ff 50 10 84 c0 b8 00 00 00 00 48 0f 

Register to memory mapping:

RAX=0x0000000000000001 is an unknown value
RBX=0x00007000094b3a8b is pointing into the stack for thread: 0x00007fda19815800
RCX=0x000000010281a360: UseMembar+0 in /Library/Java/JavaVirtualMachines/jdk1.8.0_92.jdk/Contents/Home/jre/lib/server/libjvm.dylib at 0x0000000102000000
RDX=0x00007000094b3a8b is pointing into the stack for thread: 0x00007fda19815800
RSP=0x00007000094b39d0 is pointing into the stack for thread: 0x00007fda19815800
RBP=0x00007000094b39e0 is pointing into the stack for thread: 0x00007fda19815800
RSI=0x00007fda19815800 is a thread
RDI=0x00007fda00000002 is an unknown value
R8 =0x0000000000000000 is an unknown value
R9 =0x00007fda186330e0 is an unknown value
R10=0x0000000000000001 is an unknown value
R11=0x0000000000000001 is an unknown value
R12=0x00007fda19815800 is a thread
R13=0x00007fda00000002 is an unknown value
R14=0x00007fda00000002 is an unknown value
R15=0x00007fda18401700 is an unknown value


Stack: [0x00007000093b4000,0x00007000094b4000],  sp=0x00007000094b39d0,  free space=1022k
Native frames: (J=compiled Java code, j=interpreted, Vv=VM code, C=native code)
V  [libjvm.dylib+0x448f78]  Method::checked_resolve_jmethod_id(_jmethodID*)+0xe
V  [libjvm.dylib+0x357e66]  jvmti_IsMethodSynthetic+0xb2
C  [libjdwp.dylib+0x20780]  isMethodSynthetic+0x63
C  [libjdwp.dylib+0x51f3]  methods1+0x10b
C  [libjdwp.dylib+0x52ec]  methodsWithGeneric+0xe
C  [libjdwp.dylib+0xe898]  debugLoop_run+0x1ce
C  [libjdwp.dylib+0x1f6ba]  attachThread+0x4d
V  [libjvm.dylib+0x3991cc]  JvmtiAgentThread::call_start_function()+0x38
V  [libjvm.dylib+0x564c57]  JavaThread::thread_main_inner()+0x9b
V  [libjvm.dylib+0x566344]  JavaThread::run()+0x1c2
V  [libjvm.dylib+0x485bbe]  java_start(Thread*)+0xf6
C  [libsystem_pthread.dylib+0x3aab]  _pthread_body+0xb4
C  [libsystem_pthread.dylib+0x39f7]  _pthread_body+0x0
C  [libsystem_pthread.dylib+0x31fd]  thread_start+0xd
C  0x0000000000000000


---------------  P R O C E S S  ---------------

Java Threads: ( => current thread )
  0x00007fda19816000 JavaThread "Service Thread" daemon [_thread_blocked, id=20227, stack(0x00007000099c6000,0x0000700009ac6000)]
  0x00007fda19050000 JavaThread "C1 CompilerThread2" daemon [_thread_blocked, id=19715, stack(0x00007000098c3000,0x00007000099c3000)]
  0x00007fda1904f800 JavaThread "C2 CompilerThread1" daemon [_thread_blocked, id=19203, stack(0x00007000097c0000,0x00007000098c0000)]
  0x00007fda19822800 JavaThread "C2 CompilerThread0" daemon [_thread_blocked, id=18691, stack(0x00007000096bd000,0x00007000097bd000)]
  0x00007fda19822000 JavaThread "JDWP Command Reader" daemon [_thread_in_native, id=18179, stack(0x00007000095ba000,0x00007000096ba000)]
  0x00007fda19821000 JavaThread "JDWP Event Helper Thread" daemon [_thread_blocked, id=17667, stack(0x00007000094b7000,0x00007000095b7000)]
=>0x00007fda19815800 JavaThread "JDWP Transport Listener: dt_socket" daemon [_thread_in_vm, id=17155, stack(0x00007000093b4000,0x00007000094b4000)]
  0x00007fda19814800 JavaThread "Signal Dispatcher" daemon [_thread_blocked, id=16643, stack(0x00007000092b1000,0x00007000093b1000)]
  0x00007fda1881b000 JavaThread "Finalizer" daemon [_thread_blocked, id=12291, stack(0x000070000912b000,0x000070000922b000)]
  0x00007fda18818000 JavaThread "Reference Handler" daemon [_thread_blocked, id=11779, stack(0x0000700009028000,0x0000700009128000)]
  0x00007fda19000000 JavaThread "main" [_thread_in_native, id=6915, stack(0x0000700008a16000,0x0000700008b16000)]

Other Threads:
  0x00007fda18817800 VMThread [stack: 0x0000700008f25000,0x0000700009025000] [id=11267]
  0x00007fda1980a800 WatcherThread [stack: 0x0000700009ac9000,0x0000700009bc9000] [id=20739]

VM state:not at safepoint (normal execution)

VM Mutex/Monitor currently owned by a thread: None

Heap:
 PSYoungGen      total 38400K, used 2662K [0x0000000795580000, 0x0000000798000000, 0x00000007c0000000)
  eden space 33280K, 8% used [0x0000000795580000,0x00000007958199f8,0x0000000797600000)
  from space 5120K, 0% used [0x0000000797b00000,0x0000000797b00000,0x0000000798000000)
  to   space 5120K, 0% used [0x0000000797600000,0x0000000797600000,0x0000000797b00000)
 ParOldGen       total 87552K, used 0K [0x0000000740000000, 0x0000000745580000, 0x0000000795580000)
  object space 87552K, 0% used [0x0000000740000000,0x0000000740000000,0x0000000745580000)
 Metaspace       used 3350K, capacity 4500K, committed 4864K, reserved 1056768K
  class space    used 379K, capacity 388K, committed 512K, reserved 1048576K

Card table byte_map: [0x0000000103357000,0x0000000103758000] byte_map_base: 0x00000000ff957000

Marking Bits: (ParMarkBitMap*) 0x00000001028e8bd0
 Begin Bits: [0x0000000103a03000, 0x0000000105a03000)
 End Bits:   [0x0000000105a03000, 0x0000000107a03000)

Polling page: 0x00000001016f5000

CodeCache: size=245760Kb used=1156Kb max_used=1156Kb free=244603Kb
 bounds [0x0000000110c83000, 0x0000000110ef3000, 0x000000011fc83000]
 total_blobs=284 nmethods=52 adapters=154
 compilation: enabled

Compilation events (10 events):
Event: 0.387 Thread 0x00007fda19050000   39       3       java.lang.AbstractStringBuilder::<init> (12 bytes)
Event: 0.387 Thread 0x00007fda19050000 nmethod 39 0x0000000110da2bd0 code [0x0000000110da2d40, 0x0000000110da2f90]
Event: 0.387 Thread 0x00007fda19050000   49       3       java.util.regex.Pattern::peek (26 bytes)
Event: 0.387 Thread 0x00007fda19050000 nmethod 49 0x0000000110da3050 code [0x0000000110da31e0, 0x0000000110da34a8]
Event: 0.387 Thread 0x00007fda19050000   50       3       java.lang.Character::isBmpCodePoint (13 bytes)
Event: 0.388 Thread 0x00007fda19050000 nmethod 50 0x0000000110da35d0 code [0x0000000110da3740, 0x0000000110da38d0]
Event: 0.388 Thread 0x00007fda19050000   51       3       java.util.regex.Pattern::next (33 bytes)
Event: 0.388 Thread 0x00007fda19050000 nmethod 51 0x0000000110da3950 code [0x0000000110da3ae0, 0x0000000110da3da8]
Event: 0.388 Thread 0x00007fda19050000   52       1       java.util.regex.Pattern::flags (5 bytes)
Event: 0.388 Thread 0x00007fda19050000 nmethod 52 0x0000000110da3ed0 code [0x0000000110da4020, 0x0000000110da4130]

GC Heap History (0 events):
No events

Deoptimization events (0 events):
No events

Internal exceptions (6 events):
Event: 0.041 Thread 0x00007fda19000000 Exception <a 'java/lang/NoSuchMethodError': Method sun.misc.Unsafe.defineClass(Ljava/lang/String;[BII)Ljava/lang/Class; name or signature does not match> (0x0000000795587cc0) thrown at [/Users/java_re/workspace/8-2-build-macosx-x86_64/jdk8u92/6642/hotspot
Event: 0.041 Thread 0x00007fda19000000 Exception <a 'java/lang/NoSuchMethodError': Method sun.misc.Unsafe.prefetchRead(Ljava/lang/Object;J)V name or signature does not match> (0x0000000795587fa8) thrown at [/Users/java_re/workspace/8-2-build-macosx-x86_64/jdk8u92/6642/hotspot/src/share/vm/prim
Event: 0.372 Thread 0x00007fda19000000 Exception <a 'java/security/PrivilegedActionException'> (0x000000079561c9a0) thrown at [/Users/java_re/workspace/8-2-build-macosx-x86_64/jdk8u92/6642/hotspot/src/share/vm/prims/jvm.cpp, line 1386]
Event: 0.372 Thread 0x00007fda19000000 Exception <a 'java/security/PrivilegedActionException'> (0x000000079561cd98) thrown at [/Users/java_re/workspace/8-2-build-macosx-x86_64/jdk8u92/6642/hotspot/src/share/vm/prims/jvm.cpp, line 1386]
Event: 0.372 Thread 0x00007fda19000000 Exception <a 'java/security/PrivilegedActionException'> (0x0000000795620220) thrown at [/Users/java_re/workspace/8-2-build-macosx-x86_64/jdk8u92/6642/hotspot/src/share/vm/prims/jvm.cpp, line 1386]
Event: 0.372 Thread 0x00007fda19000000 Exception <a 'java/security/PrivilegedActionException'> (0x0000000795620618) thrown at [/Users/java_re/workspace/8-2-build-macosx-x86_64/jdk8u92/6642/hotspot/src/share/vm/prims/jvm.cpp, line 1386]

Events (10 events):
Event: 0.387 loading class java/util/regex/Pattern$Prolog
Event: 0.387 loading class java/util/regex/Pattern$Prolog done
Event: 4.360 Executing VM operation: EnableBiasedLocking
Event: 4.360 Executing VM operation: EnableBiasedLocking done
Event: 48.191 Executing VM operation: ChangeBreakpoints
Event: 48.191 Executing VM operation: ChangeBreakpoints done
Event: 355.909 Executing VM operation: RedefineClasses
Event: 355.909 Executing VM operation: RedefineClasses done
Event: 373.303 Executing VM operation: RedefineClasses
Event: 373.304 Executing VM operation: RedefineClasses done


Dynamic libraries:
0x0000000022cb4000 	/System/Library/Frameworks/Cocoa.framework/Versions/A/Cocoa
0x0000000022cb4000 	/System/Library/Frameworks/Security.framework/Versions/A/Security
0x0000000022cb4000 	/System/Library/Frameworks/ApplicationServices.framework/Versions/A/ApplicationServices
0x0000000022cb4000 	/usr/lib/libz.1.dylib
0x0000000022cb4000 	/usr/lib/libSystem.B.dylib
0x0000000022cb4000 	/usr/lib/libobjc.A.dylib
0x0000000022cb4000 	/System/Library/Frameworks/CoreFoundation.framework/Versions/A/CoreFoundation
0x0000000022cb4000 	/System/Library/Frameworks/Foundation.framework/Versions/C/Foundation
0x0000000022cb4000 	/System/Library/Frameworks/AppKit.framework/Versions/C/AppKit
0x0000000022cb4000 	/System/Library/Frameworks/CoreData.framework/Versions/A/CoreData
0x0000000022cb4000 	/System/Library/PrivateFrameworks/RemoteViewServices.framework/Versions/A/RemoteViewServices
0x0000000022cb4000 	/System/Library/PrivateFrameworks/UIFoundation.framework/Versions/A/UIFoundation
0x0000000022cb4000 	/System/Library/PrivateFrameworks/DFRFoundation.framework/Versions/A/DFRFoundation
0x0000000022cb4000 	/usr/lib/libenergytrace.dylib
0x0000000022cb4000 	/System/Library/PrivateFrameworks/SkyLight.framework/Versions/A/SkyLight
0x0000000022cb4000 	/System/Library/Frameworks/CoreGraphics.framework/Versions/A/CoreGraphics
0x0000000022cb4000 	/usr/lib/libScreenReader.dylib
0x0000000022cb4000 	/System/Library/Frameworks/Accelerate.framework/Versions/A/Accelerate
0x0000000022cb4000 	/System/Library/Frameworks/IOSurface.framework/Versions/A/IOSurface
0x0000000022cb4000 	/System/Library/Frameworks/AudioToolbox.framework/Versions/A/AudioToolbox
0x0000000022cb4000 	/System/Library/Frameworks/AudioUnit.framework/Versions/A/AudioUnit
0x0000000022cb4000 	/System/Library/PrivateFrameworks/DataDetectorsCore.framework/Versions/A/DataDetectorsCore
0x0000000022cb4000 	/System/Library/PrivateFrameworks/DesktopServicesPriv.framework/Versions/A/DesktopServicesPriv
0x0000000022cb4000 	/System/Library/Frameworks/Carbon.framework/Versions/A/Frameworks/HIToolbox.framework/Versions/A/HIToolbox
0x0000000022cb4000 	/usr/lib/libicucore.A.dylib
0x0000000022cb4000 	/System/Library/Frameworks/QuartzCore.framework/Versions/A/QuartzCore
0x0000000022cb4000 	/System/Library/Frameworks/Carbon.framework/Versions/A/Frameworks/SpeechRecognition.framework/Versions/A/SpeechRecognition
0x0000000022cb4000 	/usr/lib/libauto.dylib
0x0000000022cb4000 	/usr/lib/libxml2.2.dylib
0x0000000022cb4000 	/System/Library/PrivateFrameworks/CoreUI.framework/Versions/A/CoreUI
0x0000000022cb4000 	/System/Library/Frameworks/CoreAudio.framework/Versions/A/CoreAudio
0x0000000022cb4000 	/System/Library/Frameworks/DiskArbitration.framework/Versions/A/DiskArbitration
0x0000000022cb4000 	/usr/lib/liblangid.dylib
0x0000000022cb4000 	/System/Library/PrivateFrameworks/MultitouchSupport.framework/Versions/A/MultitouchSupport
0x0000000022cb4000 	/System/Library/Frameworks/IOKit.framework/Versions/A/IOKit
0x0000000022cb4000 	/usr/lib/libDiagnosticMessagesClient.dylib
0x0000000022cb4000 	/System/Library/Frameworks/CoreServices.framework/Versions/A/CoreServices
0x0000000022cb4000 	/System/Library/PrivateFrameworks/PerformanceAnalysis.framework/Versions/A/PerformanceAnalysis
0x0000000022cb4000 	/System/Library/PrivateFrameworks/GenerationalStorage.framework/Versions/A/GenerationalStorage
0x0000000022cb4000 	/System/Library/Frameworks/OpenGL.framework/Versions/A/OpenGL
0x0000000022cb4000 	/System/Library/Frameworks/CoreImage.framework/Versions/A/CoreImage
0x0000000022cb4000 	/System/Library/Frameworks/CoreText.framework/Versions/A/CoreText
0x0000000022cb4000 	/System/Library/Frameworks/ImageIO.framework/Versions/A/ImageIO
0x0000000022cb4000 	/System/Library/PrivateFrameworks/Backup.framework/Versions/A/Backup
0x0000000022cb4000 	/usr/lib/libarchive.2.dylib
0x0000000022cb4000 	/System/Library/Frameworks/CFNetwork.framework/Versions/A/CFNetwork
0x0000000022cb4000 	/System/Library/Frameworks/SystemConfiguration.framework/Versions/A/SystemConfiguration
0x0000000022cb4000 	/usr/lib/libCRFSuite.dylib
0x0000000022cb4000 	/usr/lib/libc++.1.dylib
0x0000000022cb4000 	/usr/lib/libc++abi.dylib
0x0000000022cb4000 	/usr/lib/system/libcache.dylib
0x0000000022cb4000 	/usr/lib/system/libcommonCrypto.dylib
0x0000000022cb4000 	/usr/lib/system/libcompiler_rt.dylib
0x0000000022cb4000 	/usr/lib/system/libcopyfile.dylib
0x0000000022cb4000 	/usr/lib/system/libcorecrypto.dylib
0x0000000022cb4000 	/usr/lib/system/libdispatch.dylib
0x0000000022cb4000 	/usr/lib/system/libdyld.dylib
0x0000000022cb4000 	/usr/lib/system/libkeymgr.dylib
0x0000000022cb4000 	/usr/lib/system/liblaunch.dylib
0x0000000022cb4000 	/usr/lib/system/libmacho.dylib
0x0000000022cb4000 	/usr/lib/system/libquarantine.dylib
0x0000000022cb4000 	/usr/lib/system/libremovefile.dylib
0x0000000022cb4000 	/usr/lib/system/libsystem_asl.dylib
0x0000000022cb4000 	/usr/lib/system/libsystem_blocks.dylib
0x0000000022cb4000 	/usr/lib/system/libsystem_c.dylib
0x0000000022cb4000 	/usr/lib/system/libsystem_configuration.dylib
0x0000000022cb4000 	/usr/lib/system/libsystem_coreservices.dylib
0x0000000022cb4000 	/usr/lib/system/libsystem_coretls.dylib
0x0000000022cb4000 	/usr/lib/system/libsystem_dnssd.dylib
0x0000000022cb4000 	/usr/lib/system/libsystem_info.dylib
0x0000000022cb4000 	/usr/lib/system/libsystem_kernel.dylib
0x0000000022cb4000 	/usr/lib/system/libsystem_m.dylib
0x0000000022cb4000 	/usr/lib/system/libsystem_malloc.dylib
0x0000000022cb4000 	/usr/lib/system/libsystem_network.dylib
0x0000000022cb4000 	/usr/lib/system/libsystem_networkextension.dylib
0x0000000022cb4000 	/usr/lib/system/libsystem_notify.dylib
0x0000000022cb4000 	/usr/lib/system/libsystem_platform.dylib
0x0000000022cb4000 	/usr/lib/system/libsystem_pthread.dylib
0x0000000022cb4000 	/usr/lib/system/libsystem_sandbox.dylib
0x0000000022cb4000 	/usr/lib/system/libsystem_secinit.dylib
0x0000000022cb4000 	/usr/lib/system/libsystem_symptoms.dylib
0x0000000022cb4000 	/usr/lib/system/libsystem_trace.dylib
0x0000000022cb4000 	/usr/lib/system/libunwind.dylib
0x0000000022cb4000 	/usr/lib/system/libxpc.dylib
0x0000000022cb4000 	/usr/lib/libbsm.0.dylib
0x0000000022cb4000 	/usr/lib/system/libkxld.dylib
0x0000000022cb4000 	/usr/lib/libcoretls.dylib
0x0000000022cb4000 	/usr/lib/libcoretls_cfhelpers.dylib
0x0000000022cb4000 	/usr/lib/libxar.1.dylib
0x0000000022cb4000 	/usr/lib/libsqlite3.dylib
0x0000000022cb4000 	/usr/lib/libpam.2.dylib
0x0000000022cb4000 	/usr/lib/libOpenScriptingUtil.dylib
0x0000000022cb4000 	/usr/lib/libbz2.1.0.dylib
0x0000000022cb4000 	/usr/lib/liblzma.5.dylib
0x0000000022cb4000 	/usr/lib/libnetwork.dylib
0x0000000022cb4000 	/usr/lib/libpcap.A.dylib
0x0000000022cb4000 	/System/Library/Frameworks/CoreServices.framework/Versions/A/Frameworks/FSEvents.framework/Versions/A/FSEvents
0x0000000022cb4000 	/System/Library/Frameworks/CoreServices.framework/Versions/A/Frameworks/CarbonCore.framework/Versions/A/CarbonCore
0x0000000022cb4000 	/System/Library/Frameworks/CoreServices.framework/Versions/A/Frameworks/Metadata.framework/Versions/A/Metadata
0x0000000022cb4000 	/System/Library/Frameworks/CoreServices.framework/Versions/A/Frameworks/OSServices.framework/Versions/A/OSServices
0x0000000022cb4000 	/System/Library/Frameworks/CoreServices.framework/Versions/A/Frameworks/SearchKit.framework/Versions/A/SearchKit
0x0000000022cb4000 	/System/Library/Frameworks/CoreServices.framework/Versions/A/Frameworks/AE.framework/Versions/A/AE
0x0000000022cb4000 	/System/Library/Frameworks/CoreServices.framework/Versions/A/Frameworks/LaunchServices.framework/Versions/A/LaunchServices
0x0000000022cb4000 	/System/Library/Frameworks/CoreServices.framework/Versions/A/Frameworks/DictionaryServices.framework/Versions/A/DictionaryServices
0x0000000022cb4000 	/System/Library/Frameworks/CoreServices.framework/Versions/A/Frameworks/SharedFileList.framework/Versions/A/SharedFileList
0x0000000022cb4000 	/System/Library/Frameworks/NetFS.framework/Versions/A/NetFS
0x0000000022cb4000 	/System/Library/PrivateFrameworks/NetAuth.framework/Versions/A/NetAuth
0x0000000022cb4000 	/System/Library/PrivateFrameworks/login.framework/Versions/A/Frameworks/loginsupport.framework/Versions/A/loginsupport
0x0000000022cb4000 	/System/Library/PrivateFrameworks/TCC.framework/Versions/A/TCC
0x0000000022cb4000 	/usr/lib/libmecabra.dylib
0x0000000022cb4000 	/System/Library/Frameworks/ApplicationServices.framework/Versions/A/Frameworks/ATS.framework/Versions/A/ATS
0x0000000022cb4000 	/System/Library/Frameworks/ApplicationServices.framework/Versions/A/Frameworks/ColorSync.framework/Versions/A/ColorSync
0x0000000022cb4000 	/System/Library/Frameworks/ApplicationServices.framework/Versions/A/Frameworks/HIServices.framework/Versions/A/HIServices
0x0000000022cb4000 	/System/Library/Frameworks/ApplicationServices.framework/Versions/A/Frameworks/LangAnalysis.framework/Versions/A/LangAnalysis
0x0000000022cb4000 	/System/Library/Frameworks/ApplicationServices.framework/Versions/A/Frameworks/PrintCore.framework/Versions/A/PrintCore
0x0000000022cb4000 	/System/Library/Frameworks/ApplicationServices.framework/Versions/A/Frameworks/QD.framework/Versions/A/QD
0x0000000022cb4000 	/System/Library/Frameworks/ApplicationServices.framework/Versions/A/Frameworks/SpeechSynthesis.framework/Versions/A/SpeechSynthesis
0x0000000022cb4000 	/System/Library/Frameworks/Accelerate.framework/Versions/A/Frameworks/vImage.framework/Versions/A/vImage
0x0000000022cb4000 	/System/Library/Frameworks/Accelerate.framework/Versions/A/Frameworks/vecLib.framework/Versions/A/vecLib
0x0000000022cb4000 	/System/Library/Frameworks/Accelerate.framework/Versions/A/Frameworks/vecLib.framework/Versions/A/libvDSP.dylib
0x0000000022cb4000 	/System/Library/Frameworks/Accelerate.framework/Versions/A/Frameworks/vecLib.framework/Versions/A/libBNNS.dylib
0x0000000022cb4000 	/System/Library/Frameworks/Accelerate.framework/Versions/A/Frameworks/vecLib.framework/Versions/A/libQuadrature.dylib
0x0000000022cb4000 	/System/Library/Frameworks/Accelerate.framework/Versions/A/Frameworks/vecLib.framework/Versions/A/libvMisc.dylib
0x0000000022cb4000 	/System/Library/Frameworks/Accelerate.framework/Versions/A/Frameworks/vecLib.framework/Versions/A/libLAPACK.dylib
0x0000000022cb4000 	/System/Library/Frameworks/Accelerate.framework/Versions/A/Frameworks/vecLib.framework/Versions/A/libBLAS.dylib
0x0000000022cb4000 	/System/Library/Frameworks/Accelerate.framework/Versions/A/Frameworks/vecLib.framework/Versions/A/libLinearAlgebra.dylib
0x0000000022cb4000 	/System/Library/Frameworks/Accelerate.framework/Versions/A/Frameworks/vecLib.framework/Versions/A/libSparseBLAS.dylib
0x0000000022cb4000 	/System/Library/Frameworks/ApplicationServices.framework/Versions/A/Frameworks/ATS.framework/Versions/A/Resources/libFontParser.dylib
0x0000000022cb4000 	/System/Library/Frameworks/ApplicationServices.framework/Versions/A/Frameworks/ATS.framework/Versions/A/Resources/libFontRegistry.dylib
0x0000000022cb4000 	/System/Library/Frameworks/ImageIO.framework/Versions/A/Resources/libJPEG.dylib
0x0000000022cb4000 	/System/Library/Frameworks/ImageIO.framework/Versions/A/Resources/libTIFF.dylib
0x0000000022cb4000 	/System/Library/Frameworks/ImageIO.framework/Versions/A/Resources/libPng.dylib
0x0000000022cb4000 	/System/Library/Frameworks/ImageIO.framework/Versions/A/Resources/libGIF.dylib
0x0000000022cb4000 	/System/Library/Frameworks/ImageIO.framework/Versions/A/Resources/libJP2.dylib
0x0000000022cb4000 	/System/Library/Frameworks/ImageIO.framework/Versions/A/Resources/libRadiance.dylib
0x0000000022cb4000 	/usr/lib/libcompression.dylib
0x0000000022cb4000 	/System/Library/PrivateFrameworks/AppleJPEG.framework/Versions/A/AppleJPEG
0x0000000022cb4000 	/usr/lib/libcups.2.dylib
0x0000000022cb4000 	/System/Library/Frameworks/Kerberos.framework/Versions/A/Kerberos
0x0000000022cb4000 	/System/Library/Frameworks/GSS.framework/Versions/A/GSS
0x0000000022cb4000 	/usr/lib/libresolv.9.dylib
0x0000000022cb4000 	/usr/lib/libiconv.2.dylib
0x0000000022cb4000 	/System/Library/PrivateFrameworks/Heimdal.framework/Versions/A/Heimdal
0x0000000022cb4000 	/usr/lib/libheimdal-asn1.dylib
0x0000000022cb4000 	/System/Library/Frameworks/OpenDirectory.framework/Versions/A/OpenDirectory
0x0000000022cb4000 	/System/Library/PrivateFrameworks/CommonAuth.framework/Versions/A/CommonAuth
0x0000000022cb4000 	/System/Library/Frameworks/OpenDirectory.framework/Versions/A/Frameworks/CFOpenDirectory.framework/Versions/A/CFOpenDirectory
0x0000000022cb4000 	/System/Library/Frameworks/SecurityFoundation.framework/Versions/A/SecurityFoundation
0x0000000022cb4000 	/System/Library/PrivateFrameworks/LanguageModeling.framework/Versions/A/LanguageModeling
0x0000000022cb4000 	/usr/lib/libmarisa.dylib
0x0000000022cb4000 	/usr/lib/libChineseTokenizer.dylib
0x0000000022cb4000 	/usr/lib/libcmph.dylib
0x0000000022cb4000 	/System/Library/PrivateFrameworks/CoreEmoji.framework/Versions/A/CoreEmoji
0x0000000022cb4000 	/System/Library/Frameworks/ServiceManagement.framework/Versions/A/ServiceManagement
0x0000000022cb4000 	/usr/lib/libxslt.1.dylib
0x0000000022cb4000 	/System/Library/Frameworks/Carbon.framework/Versions/A/Frameworks/Ink.framework/Versions/A/Ink
0x0000000022cb4000 	/System/Library/PrivateFrameworks/TextureIO.framework/Versions/A/TextureIO
0x0000000022cb4000 	/System/Library/Frameworks/Metal.framework/Versions/A/Metal
0x0000000022cb4000 	/usr/lib/libate.dylib
0x0000000022cb4000 	/System/Library/PrivateFrameworks/GPUCompiler.framework/libmetal_timestamp.dylib
0x0000000022cb4000 	/System/Library/Frameworks/OpenGL.framework/Versions/A/Libraries/libCoreFSCache.dylib
0x0000000022cb4000 	/System/Library/PrivateFrameworks/IOAccelerator.framework/Versions/A/IOAccelerator
0x0000000022cb4000 	/System/Library/Frameworks/CoreVideo.framework/Versions/A/CoreVideo
0x0000000022cb4000 	/usr/lib/libFosl_dynamic.dylib
0x0000000022cb4000 	/System/Library/PrivateFrameworks/MetalPerformanceShaders.framework/Versions/A/MetalPerformanceShaders
0x0000000022cb4000 	/System/Library/PrivateFrameworks/FaceCore.framework/Versions/A/FaceCore
0x0000000022cb4000 	/System/Library/Frameworks/OpenCL.framework/Versions/A/OpenCL
0x0000000022cb4000 	/System/Library/Frameworks/OpenGL.framework/Versions/A/Libraries/libGLU.dylib
0x0000000022cb4000 	/System/Library/Frameworks/OpenGL.framework/Versions/A/Libraries/libGFXShared.dylib
0x0000000022cb4000 	/System/Library/Frameworks/OpenGL.framework/Versions/A/Libraries/libGL.dylib
0x0000000022cb4000 	/System/Library/Frameworks/OpenGL.framework/Versions/A/Libraries/libGLImage.dylib
0x0000000022cb4000 	/System/Library/Frameworks/OpenGL.framework/Versions/A/Libraries/libCVMSPluginSupport.dylib
0x0000000022cb4000 	/System/Library/Frameworks/OpenGL.framework/Versions/A/Libraries/libCoreVMClient.dylib
0x0000000022cb4000 	/System/Library/PrivateFrameworks/CrashReporterSupport.framework/Versions/A/CrashReporterSupport
0x0000000022cb4000 	/System/Library/PrivateFrameworks/Sharing.framework/Versions/A/Sharing
0x0000000022cb4000 	/System/Library/PrivateFrameworks/IconServices.framework/Versions/A/IconServices
0x0000000022cb4000 	/System/Library/PrivateFrameworks/ProtocolBuffer.framework/Versions/A/ProtocolBuffer
0x0000000022cb4000 	/System/Library/PrivateFrameworks/Apple80211.framework/Versions/A/Apple80211
0x0000000022cb4000 	/System/Library/Frameworks/CoreWLAN.framework/Versions/A/CoreWLAN
0x0000000022cb4000 	/System/Library/PrivateFrameworks/CoreUtils.framework/Versions/A/CoreUtils
0x0000000022cb4000 	/System/Library/Frameworks/IOBluetooth.framework/Versions/A/IOBluetooth
0x0000000022cb4000 	/System/Library/PrivateFrameworks/CoreWiFi.framework/Versions/A/CoreWiFi
0x0000000022cb4000 	/System/Library/Frameworks/CoreBluetooth.framework/Versions/A/CoreBluetooth
0x0000000022cb4000 	/System/Library/Frameworks/CoreDisplay.framework/Versions/A/CoreDisplay
0x0000000022cb4000 	/System/Library/PrivateFrameworks/IOPresentment.framework/Versions/A/IOPresentment
0x0000000022cb4000 	/System/Library/PrivateFrameworks/DebugSymbols.framework/Versions/A/DebugSymbols
0x0000000022cb4000 	/System/Library/PrivateFrameworks/CoreSymbolication.framework/Versions/A/CoreSymbolication
0x0000000022cb4000 	/System/Library/PrivateFrameworks/Symbolication.framework/Versions/A/Symbolication
0x0000000022cb4000 	/System/Library/PrivateFrameworks/AppleFSCompression.framework/Versions/A/AppleFSCompression
0x0000000022cb4000 	/System/Library/PrivateFrameworks/SpeechRecognitionCore.framework/Versions/A/SpeechRecognitionCore
0x0000000022cb4000 	/System/Library/PrivateFrameworks/ChunkingLibrary.framework/Versions/A/ChunkingLibrary
0x0000000102000000 	/Library/Java/JavaVirtualMachines/jdk1.8.0_92.jdk/Contents/Home/jre/lib/server/libjvm.dylib
0x0000000022cb4000 	/usr/lib/libstdc++.6.dylib
0x00000001016b2000 	/Library/Java/JavaVirtualMachines/jdk1.8.0_92.jdk/Contents/Home/jre/lib/libverify.dylib
0x00000001016c0000 	/Library/Java/JavaVirtualMachines/jdk1.8.0_92.jdk/Contents/Home/jre/lib/libjava.dylib
0x00000001016f6000 	/Library/Java/JavaVirtualMachines/jdk1.8.0_92.jdk/Contents/Home/jre/lib/libjdwp.dylib
0x0000000101741000 	/Library/Java/JavaVirtualMachines/jdk1.8.0_92.jdk/Contents/Home/jre/lib/libnpt.dylib
0x000000010174e000 	/Library/Java/JavaVirtualMachines/jdk1.8.0_92.jdk/Contents/Home/jre/lib/libzip.dylib
0x0000000109858000 	/System/Library/Frameworks/JavaVM.framework/Frameworks/JavaRuntimeSupport.framework/JavaRuntimeSupport
0x0000000109872000 	/System/Library/Frameworks/JavaVM.framework/Versions/A/Frameworks/JavaNativeFoundation.framework/Versions/A/JavaNativeFoundation
0x0000000109887000 	/System/Library/Frameworks/JavaVM.framework/Versions/A/JavaVM
0x0000000022cb4000 	/System/Library/Frameworks/Carbon.framework/Versions/A/Carbon
0x0000000109894000 	/System/Library/PrivateFrameworks/JavaLaunching.framework/Versions/A/JavaLaunching
0x0000000022cb4000 	/System/Library/Frameworks/Carbon.framework/Versions/A/Frameworks/CommonPanels.framework/Versions/A/CommonPanels
0x0000000022cb4000 	/System/Library/Frameworks/Carbon.framework/Versions/A/Frameworks/Help.framework/Versions/A/Help
0x0000000022cb4000 	/System/Library/Frameworks/Carbon.framework/Versions/A/Frameworks/ImageCapture.framework/Versions/A/ImageCapture
0x0000000022cb4000 	/System/Library/Frameworks/Carbon.framework/Versions/A/Frameworks/OpenScripting.framework/Versions/A/OpenScripting
0x0000000022cb4000 	/System/Library/Frameworks/Carbon.framework/Versions/A/Frameworks/Print.framework/Versions/A/Print
0x0000000022cb4000 	/System/Library/Frameworks/Carbon.framework/Versions/A/Frameworks/SecurityHI.framework/Versions/A/SecurityHI
0x000000010b19c000 	/Library/Java/JavaVirtualMachines/jdk1.8.0_92.jdk/Contents/Home/jre/lib/libdt_socket.dylib

VM Arguments:
jvm_args: -agentlib:jdwp=transport=dt_socket,suspend=y,address=localhost:56623 -Dfile.encoding=UTF-8 
java_command: MarathonRaceApp
java_class_path (initial): /Users/yasin/Documents/workspace/YasinShuman_JavaCompFinal/bin
Launcher Type: SUN_STANDARD

Environment Variables:
PATH=/usr/bin:/bin:/usr/sbin:/sbin
SHELL=/bin/bash

Signal Handlers:
SIGSEGV: [libjvm.dylib+0x5aa779], sa_mask[0]=11111111011111110111111111111111, sa_flags=SA_ONSTACK|SA_RESTART|SA_SIGINFO
SIGBUS: [libjvm.dylib+0x5aa779], sa_mask[0]=11111111011111110111111111111111, sa_flags=SA_RESTART|SA_SIGINFO
SIGFPE: [libjvm.dylib+0x4831d0], sa_mask[0]=11111111011111110111111111111111, sa_flags=SA_RESTART|SA_SIGINFO
SIGPIPE: [libjvm.dylib+0x4831d0], sa_mask[0]=11111111011111110111111111111111, sa_flags=SA_RESTART|SA_SIGINFO
SIGXFSZ: [libjvm.dylib+0x4831d0], sa_mask[0]=11111111011111110111111111111111, sa_flags=SA_RESTART|SA_SIGINFO
SIGILL: [libjvm.dylib+0x4831d0], sa_mask[0]=11111111011111110111111111111111, sa_flags=SA_RESTART|SA_SIGINFO
SIGUSR1: SIG_DFL, sa_mask[0]=00000000000000000000000000000000, sa_flags=none
SIGUSR2: [libjvm.dylib+0x482cee], sa_mask[0]=00100000000000000000000000000000, sa_flags=SA_RESTART|SA_SIGINFO
SIGHUP: [libjvm.dylib+0x4812c5], sa_mask[0]=11111111011111110111111111111111, sa_flags=SA_RESTART|SA_SIGINFO
SIGINT: [libjvm.dylib+0x4812c5], sa_mask[0]=11111111011111110111111111111111, sa_flags=SA_RESTART|SA_SIGINFO
SIGTERM: [libjvm.dylib+0x4812c5], sa_mask[0]=11111111011111110111111111111111, sa_flags=SA_RESTART|SA_SIGINFO
SIGQUIT: [libjvm.dylib+0x4812c5], sa_mask[0]=11111111011111110111111111111111, sa_flags=SA_RESTART|SA_SIGINFO


---------------  S Y S T E M  ---------------

OS:Bsduname:Darwin 16.4.0 Darwin Kernel Version 16.4.0: Thu Dec 22 22:53:21 PST 2016; root:xnu-3789.41.3~3/RELEASE_X86_64 x86_64
rlimit: STACK 8192k, CORE 0k, NPROC 709, NOFILE 10240, AS infinity
load average:2.25 2.39 2.47

CPU:total 4 (2 cores per cpu, 2 threads per core) family 6 model 61 stepping 4, cmov, cx8, fxsr, mmx, sse, sse2, sse3, ssse3, sse4.1, sse4.2, popcnt, avx, avx2, aes, clmul, erms, 3dnowpref, lzcnt, ht, tsc, tscinvbit, bmi1, bmi2, adx

Memory: 4k page, physical 8388608k(362924k free)

/proc/meminfo:


vm_info: Java HotSpot(TM) 64-Bit Server VM (25.92-b14) for bsd-amd64 JRE (1.8.0_92-b14), built on Mar 31 2016 21:23:14 by "java_re" with gcc 4.2.1 (Based on Apple Inc. build 5658) (LLVM build 2336.11.00)

time: Mon Mar 27 18:00:43 2017
elapsed time: 373 seconds (0d 0h 6m 13s)

